<?xml version="1.0" encoding="UTF-8"?>
<testsuite xmlns:xsi="http://www.w3.org/2001/XMLSchema-instance" xsi:noNamespaceSchemaLocation="https://maven.apache.org/surefire/maven-surefire-plugin/xsd/surefire-test-report.xsd" version="3.0.2" name="com.bankflow.TransferIntegrationTest" time="2.95" tests="2" errors="0" skipped="0" failures="0">
  <properties>
[...]
</properties>
  <testcase name="transferShouldPersistBothBalanceChanges" classname="com.bankflow.TransferIntegrationTest" time="0.07">
    <system-out><![CDATA[18:10:47.521 [main] INFO org.springframework.test.context.support.AnnotationConfigContextLoaderUtils -- Could not detect default configuration classes for test class [com.bankflow.TransferIntegrationTest]: TransferIntegrationTest does not declare any static, non-private, non-final, nested classes annotated with @Configuration.
18:10:47.570 [main] INFO org.springframework.boot.test.context.SpringBootTestContextBootstrapper -- Found @SpringBootConfiguration com.bankflow.BankFlowApplication for test class com.bankflow.TransferIntegrationTest
18:10:47.614 [main] INFO org.testcontainers.images.PullPolicy -- Image pull policy will be performed by: DefaultPullPolicy()
18:10:47.615 [main] INFO org.testcontainers.utility.ImageNameSubstitutor -- Image name substitution will be performed by: DefaultImageNameSubstitutor (composite of 'ConfigurationFileImageNameSubstitutor' and 'PrefixingImageNameSubstitutor')
18:10:47.619 [main] INFO org.testcontainers.DockerClientFactory -- Testcontainers version: 1.21.4
18:10:47.696 [main] INFO org.testcontainers.dockerclient.DockerClientProviderStrategy -- Loaded org.testcontainers.dockerclient.UnixSocketClientProviderStrategy from ~/.testcontainers.properties, will try it first
18:10:47.796 [main] INFO org.testcontainers.dockerclient.DockerClientProviderStrategy -- Found Docker environment with local Unix socket (unix:///var/run/docker.sock)
18:10:47.797 [main] INFO org.testcontainers.DockerClientFactory -- Docker host IP address is localhost
18:10:47.807 [main] INFO org.testcontainers.DockerClientFactory -- Connected to docker: 
  Server Version: 29.0.1
  API Version: 1.52
  Operating System: Docker Desktop
  Total Memory: 7836 MB
  Labels: 
    com.docker.desktop.address=unix:///Users/richardlee/Library/Containers/com.docker.docker/Data/docker-cli.sock
18:10:47.892 [main] INFO tc.testcontainers/ryuk:0.12.0 -- Creating container for image: testcontainers/ryuk:0.12.0
18:10:48.003 [main] INFO org.testcontainers.utility.RegistryAuthLocator -- Credential helper/store (docker-credential-desktop) does not have credentials for https://index.docker.io/v1/
18:10:48.054 [main] INFO tc.testcontainers/ryuk:0.12.0 -- Container testcontainers/ryuk:0.12.0 is starting: 22c4afcdb5a3110c95769fe4920744b97e92e90db9c37e1e7bdd5080ed8f6c40
18:10:48.246 [main] INFO tc.testcontainers/ryuk:0.12.0 -- Container testcontainers/ryuk:0.12.0 started in PT0.354653S
18:10:48.253 [main] INFO org.testcontainers.utility.RyukResourceReaper -- Ryuk started - will monitor and terminate Testcontainers containers on JVM exit
18:10:48.253 [main] INFO org.testcontainers.DockerClientFactory -- Checking the system...
18:10:48.253 [main] INFO org.testcontainers.DockerClientFactory -- ✔︎ Docker server version should be at least 1.6.0
18:10:48.254 [main] INFO tc.postgres:16 -- Creating container for image: postgres:16
18:10:48.281 [main] INFO tc.postgres:16 -- Container postgres:16 is starting: f1bbf65e45c7ae1d479ac8bd630ced38a6ba3bbfe23538f757acec8345679985
18:10:48.905 [main] INFO tc.postgres:16 -- Container postgres:16 started in PT0.65125S
18:10:48.906 [main] INFO tc.postgres:16 -- Container is started (JDBC URL: jdbc:postgresql://localhost:58438/test?loggerLevel=OFF)

  .   ____          _            __ _ _
 /\\ / ___'_ __ _ _(_)_ __  __ _ \ \ \ \
( ( )\___ | '_ | '_| | '_ \/ _` | \ \ \ \
 \\/  ___)| |_)| | | | | || (_| |  ) ) ) )
  '  |____| .__|_| |_|_| |_\__, | / / / /
 =========|_|==============|___/=/_/_/_/

 :: Spring Boot ::               (v3.5.10)

2026-08-14T18:10:49.012+01:00  INFO 10699 --- [           main] com.bankflow.TransferIntegrationTest     : Starting TransferIntegrationTest using Java 21.0.12 with PID 10699 (started by richardlee in /Users/richardlee/Local Documents/coding/bankflow_project/bankflow)
2026-08-14T18:10:49.013+01:00  INFO 10699 --- [           main] com.bankflow.TransferIntegrationTest     : No active profile set, falling back to 1 default profile: "default"
2026-08-14T18:10:49.232+01:00  INFO 10699 --- [           main] .s.d.r.c.RepositoryConfigurationDelegate : Bootstrapping Spring Data JPA repositories in DEFAULT mode.
2026-08-14T18:10:49.249+01:00  INFO 10699 --- [           main] .s.d.r.c.RepositoryConfigurationDelegate : Finished Spring Data repository scanning in 13 ms. Found 1 JPA repository interface.
2026-08-14T18:10:49.372+01:00  INFO 10699 --- [           main] o.hibernate.jpa.internal.util.LogHelper  : HHH000204: Processing PersistenceUnitInfo [name: default]
2026-08-14T18:10:49.397+01:00  INFO 10699 --- [           main] org.hibernate.Version                    : HHH000412: Hibernate ORM core version 6.6.41.Final
2026-08-14T18:10:49.409+01:00  INFO 10699 --- [           main] o.h.c.internal.RegionFactoryInitiator    : HHH000026: Second-level cache disabled
2026-08-14T18:10:49.455+01:00  INFO 10699 --- [           main] o.s.o.j.p.SpringPersistenceUnitInfo      : No LoadTimeWeaver setup: ignoring JPA class transformer
2026-08-14T18:10:49.464+01:00  INFO 10699 --- [           main] com.zaxxer.hikari.HikariDataSource       : HikariPool-1 - Starting...
2026-08-14T18:10:49.535+01:00  INFO 10699 --- [           main] com.zaxxer.hikari.pool.HikariPool        : HikariPool-1 - Added connection org.postgresql.jdbc.PgConnection@728535c6
2026-08-14T18:10:49.536+01:00  INFO 10699 --- [           main] com.zaxxer.hikari.HikariDataSource       : HikariPool-1 - Start completed.
2026-08-14T18:10:49.564+01:00  INFO 10699 --- [           main] org.hibernate.orm.connections.pooling    : HHH10001005: Database info:
	Database JDBC URL [Connecting through datasource 'HikariDataSource (HikariPool-1)']
	Database driver: undefined/unknown
	Database version: 16.13
	Autocommit mode: undefined/unknown
	Isolation level: undefined/unknown
	Minimum pool size: undefined/unknown
	Maximum pool size: undefined/unknown
2026-08-14T18:10:49.811+01:00  INFO 10699 --- [           main] o.h.e.t.j.p.i.JtaPlatformInitiator       : HHH000489: No JTA platform available (set 'hibernate.transaction.jta.platform' to enable JTA platform integration)
Hibernate: create table account (id bigint generated by default as identity, balance numeric(38,2), owner_name varchar(255), primary key (id))
2026-08-14T18:10:49.837+01:00  INFO 10699 --- [           main] j.LocalContainerEntityManagerFactoryBean : Initialized JPA EntityManagerFactory for persistence unit 'default'
2026-08-14T18:10:49.961+01:00  WARN 10699 --- [           main] JpaBaseConfiguration$JpaWebConfiguration : spring.jpa.open-in-view is enabled by default. Therefore, database queries may be performed during view rendering. Explicitly configure spring.jpa.open-in-view to disable this warning
2026-08-14T18:10:50.093+01:00  INFO 10699 --- [           main] com.bankflow.TransferIntegrationTest     : Started TransferIntegrationTest in 1.169 seconds (process running for 3.245)
Hibernate: insert into account (balance,owner_name) values (?,?)
Hibernate: insert into account (balance,owner_name) values (?,?)
]]></system-out>
  </testcase>
  <testcase name="failedTransferShouldRollbackChanges" classname="com.bankflow.TransferIntegrationTest" time="0.029">
    <system-out><![CDATA[Hibernate: insert into account (balance,owner_name) values (?,?)
Hibernate: insert into account (balance,owner_name) values (?,?)
Hibernate: select a1_0.id,a1_0.balance,a1_0.owner_name from account a1_0 where a1_0.id=?
Hibernate: update account set balance=?,owner_name=? where id=?
Hibernate: select a1_0.id,a1_0.balance,a1_0.owner_name from account a1_0 where a1_0.id=?
Hibernate: select a1_0.id,a1_0.balance,a1_0.owner_name from account a1_0 where a1_0.id=?
Hibernate: select a1_0.id,a1_0.balance,a1_0.owner_name from account a1_0 where a1_0.id=?
Hibernate: select a1_0.id,a1_0.balance,a1_0.owner_name from account a1_0 where a1_0.id=?
]]></system-out>
  </testcase>
</testsuite>